<?xml version="1.0" encoding="UTF-8"?>
<!-- Generated by org.testng.reporters.JUnitXMLReporter -->
<testsuite ignored="12" hostname="DESKTOP-73B9VB8" failures="0" tests="14" name="RegressionTest-chrome" time="17.324" errors="0" timestamp="29 Jan. 2022 22:29:22 GMT">
  <testcase classname="test.AAALandingValidation" name="validatetitle" time="0.105"/>
  <testcase classname="test.AAALandingValidation" name="validateurl" time="0.038"/>
  <testcase classname="test.LoginValidations" name="invalidemailkey" time="0.136"/>
  <testcase classname="test.LoginValidations" name="invalidemailkeylogout" time="0.06"/>
  <testcase classname="test.LoginValidations" name="validemailkey" time="0.062"/>
  <testcase classname="test.LoginValidations" name="validemailkeylogout" time="0.062"/>
  <testcase classname="test.ResultsAndPriceValidation" name="noofresults" time="1.643"/>
  <testcase classname="test.ResultsAndPriceValidation" name="priceofmobile" time="2.602"/>
  <testcase classname="test.AddToCartTest" name="checkcart" time="6.994"/>
  <testcase classname="test.AddToCartTest" name="finalcheck" time="1.054"/>
  <testcase classname="test.NavigationValidations" name="validatwishlistpage" time="0.019"/>
  <testcase classname="test.PincodeValidation" name="verifypincode" time="0.58"/>
  <testcase classname="test.NavigationValidations" name="validateamazoncashpage" time="0.005"/>
  <testcase classname="test.NavigationValidations" name="validatenewreleasepage" time="0.006"/>
  <testcase classname="test.base" name="@AfterSuite afterSuite" time="0.0">
    <ignored/>
  </testcase> <!-- @AfterSuite afterSuite -->
  <testcase classname="test.base" name="@AfterSuite afterSuite" time="0.0">
    <ignored/>
  </testcase> <!-- @AfterSuite afterSuite -->
  <testcase classname="test.base" name="@AfterSuite afterSuite" time="0.0">
    <ignored/>
  </testcase> <!-- @AfterSuite afterSuite -->
  <testcase classname="test.base" name="@AfterSuite afterSuite" time="0.0">
    <ignored/>
  </testcase> <!-- @AfterSuite afterSuite -->
  <testcase classname="test.base" name="@AfterSuite afterSuite" time="0.0">
    <ignored/>
  </testcase> <!-- @AfterSuite afterSuite -->
  <testcase classname="test.base" name="@AfterSuite afterSuite" time="0.0">
    <ignored/>
  </testcase> <!-- @AfterSuite afterSuite -->
  <testcase classname="test.base" name="@BeforeSuite beforeSuite" time="0.0">
    <ignored/>
  </testcase> <!-- @BeforeSuite beforeSuite -->
  <testcase classname="test.base" name="@BeforeSuite beforeSuite" time="0.0">
    <ignored/>
  </testcase> <!-- @BeforeSuite beforeSuite -->
  <testcase classname="test.base" name="@BeforeSuite beforeSuite" time="0.0">
    <ignored/>
  </testcase> <!-- @BeforeSuite beforeSuite -->
  <testcase classname="test.base" name="@BeforeSuite beforeSuite" time="0.0">
    <ignored/>
  </testcase> <!-- @BeforeSuite beforeSuite -->
  <testcase classname="test.base" name="@BeforeSuite beforeSuite" time="0.0">
    <ignored/>
  </testcase> <!-- @BeforeSuite beforeSuite -->
  <testcase classname="test.base" name="@BeforeSuite beforeSuite" time="0.0">
    <ignored/>
  </testcase> <!-- @BeforeSuite beforeSuite -->
</testsuite> <!-- RegressionTest-chrome -->
