<?xml version="1.0" encoding="UTF-8"?>
<!-- Generated by org.testng.reporters.JUnitXMLReporter -->
<testsuite ignored="14" hostname="DESKTOP-73B9VB8" failures="0" tests="15" name="RegressionTest-firefox" time="45.897" errors="0" timestamp="02 Feb. 2022 03:18:23 GMT">
  <testcase classname="test.AAALandingValidation" name="validatetitle" time="0.008"/>
  <testcase classname="test.AAALandingValidation" name="validateurl" time="0.004"/>
  <testcase classname="test.IframeTest" name="checkiframe" time="0.014"/>
  <testcase classname="test.ResultsAndPriceValidation" name="noofresults" time="4.826"/>
  <testcase classname="test.ResultsAndPriceValidation" name="priceofmobile" time="4.169"/>
  <testcase classname="test.AddToCartTest" name="checkcart" time="6.973"/>
  <testcase classname="test.AddToCartTest" name="finalcheck" time="10.075"/>
  <testcase classname="test.LoginValidations" name="invalidemailkey" time="0.101"/>
  <testcase classname="test.LoginValidations" name="invalidemailkeylogout" time="0.062"/>
  <testcase classname="test.LoginValidations" name="validemailkey" time="0.072"/>
  <testcase classname="test.LoginValidations" name="validemailkeylogout" time="0.045"/>
  <testcase classname="test.NavigationValidations" name="validatwishlistpage" time="0.004"/>
  <testcase classname="test.PincodeValidation" name="verifypincode" time="1.112"/>
  <testcase classname="test.NavigationValidations" name="validateamazoncashpage" time="0.003"/>
  <testcase classname="test.NavigationValidations" name="validatenewreleasepage" time="0.004"/>
  <testcase classname="test.base" name="@BeforeTest beforeSuite" time="0.0">
    <ignored/>
  </testcase> <!-- @BeforeTest beforeSuite -->
  <testcase classname="test.base" name="@BeforeTest beforeSuite" time="0.0">
    <ignored/>
  </testcase> <!-- @BeforeTest beforeSuite -->
  <testcase classname="test.base" name="@BeforeTest beforeSuite" time="0.0">
    <ignored/>
  </testcase> <!-- @BeforeTest beforeSuite -->
  <testcase classname="test.base" name="@BeforeTest beforeSuite" time="0.0">
    <ignored/>
  </testcase> <!-- @BeforeTest beforeSuite -->
  <testcase classname="test.base" name="@BeforeTest beforeSuite" time="0.0">
    <ignored/>
  </testcase> <!-- @BeforeTest beforeSuite -->
  <testcase classname="test.base" name="@BeforeTest beforeSuite" time="0.0">
    <ignored/>
  </testcase> <!-- @BeforeTest beforeSuite -->
  <testcase classname="test.base" name="@BeforeTest beforeSuite" time="0.0">
    <ignored/>
  </testcase> <!-- @BeforeTest beforeSuite -->
  <testcase classname="test.base" name="@AfterSuite afterSuite" time="0.0">
    <ignored/>
  </testcase> <!-- @AfterSuite afterSuite -->
  <testcase classname="test.base" name="@AfterSuite afterSuite" time="0.0">
    <ignored/>
  </testcase> <!-- @AfterSuite afterSuite -->
  <testcase classname="test.base" name="@AfterSuite afterSuite" time="0.0">
    <ignored/>
  </testcase> <!-- @AfterSuite afterSuite -->
  <testcase classname="test.base" name="@AfterSuite afterSuite" time="0.0">
    <ignored/>
  </testcase> <!-- @AfterSuite afterSuite -->
  <testcase classname="test.base" name="@AfterSuite afterSuite" time="0.0">
    <ignored/>
  </testcase> <!-- @AfterSuite afterSuite -->
  <testcase classname="test.base" name="@AfterSuite afterSuite" time="0.0">
    <ignored/>
  </testcase> <!-- @AfterSuite afterSuite -->
  <testcase classname="test.base" name="@AfterSuite afterSuite" time="0.0">
    <ignored/>
  </testcase> <!-- @AfterSuite afterSuite -->
</testsuite> <!-- RegressionTest-firefox -->
